<?xml version="1.0" encoding="UTF-8"?>
<testsuite xmlns:xsi="http://www.w3.org/2001/XMLSchema-instance" xsi:noNamespaceSchemaLocation="https://maven.apache.org/surefire/maven-surefire-plugin/xsd/surefire-test-report.xsd" version="3.0.2" name="it.unisa.player.engine.PlaybackEngineTest" time="1.316" tests="3" errors="0" skipped="0" failures="0">
  <properties>
[...]
</properties>
  <testcase name="testPlayFromPlaylist" classname="it.unisa.player.engine.PlaybackEngineTest" time="0.07"/>
  <testcase name="testPlayFromLibrary" classname="it.unisa.player.engine.PlaybackEngineTest" time="0.004"/>
  <testcase name="testStateTransitions_PlayPauseStop" classname="it.unisa.player.engine.PlaybackEngineTest" time="0.005"/>
</testsuite>